<?xml version="1.0" encoding="UTF-8"?>
<!-- Generated by org.testng.reporters.JUnitReportReporter -->
<testsuite hostname="LAPTOP-6AO7T8FF" failures="0" tests="1" name="Module1_Login_Test.SwagLabLoginTest" time="15.098" errors="0" timestamp="2024-12-04T11:46:10 IST" skipped="0">
  <testcase classname="Module1_Login_Test.SwagLabLoginTest" name="verifyLogoText" time="15.098"/>
</testsuite> <!-- Module1_Login_Test.SwagLabLoginTest -->
